This is pdfTeX, Version 3.1415926-1.40.11 (TeX Live 2010) (format=pdflatex 2011.1.30)  8 DEC 2013 19:58
entering extended mode
 restricted \write18 enabled.
 %&-line parsing enabled.
**main.tex
(./main.tex
LaTeX2e <2009/09/24>
Babel <v3.8l> and hyphenation patterns for english, dumylang, nohyphenation, ge
rman-x-2009-06-19, ngerman-x-2009-06-19, ancientgreek, ibycus, arabic, armenian
, basque, bulgarian, catalan, pinyin, coptic, croatian, czech, danish, dutch, u
kenglish, usenglishmax, esperanto, estonian, farsi, finnish, french, galician, 
german, ngerman, swissgerman, monogreek, greek, hungarian, icelandic, assamese,
 bengali, gujarati, hindi, kannada, malayalam, marathi, oriya, panjabi, tamil, 
telugu, indonesian, interlingua, irish, italian, kurmanji, lao, latin, latvian,
 lithuanian, mongolian, mongolianlmc, bokmal, nynorsk, polish, portuguese, roma
nian, russian, sanskrit, serbian, slovak, slovenian, spanish, swedish, turkish,
 turkmen, ukrainian, uppersorbian, welsh, loaded.
(/usr/local/texlive/2010/texmf-dist/tex/latex/base/article.cls
Document Class: article 2007/10/19 v1.4h Standard LaTeX document class
(/usr/local/texlive/2010/texmf-dist/tex/latex/base/size10.clo
File: size10.clo 2007/10/19 v1.4h Standard LaTeX file (size option)
)
\c@part=\count79
\c@section=\count80
\c@subsection=\count81
\c@subsubsection=\count82
\c@paragraph=\count83
\c@subparagraph=\count84
\c@figure=\count85
\c@table=\count86
\abovecaptionskip=\skip41
\belowcaptionskip=\skip42
\bibindent=\dimen102
)
(/usr/local/texlive/2010/texmf-dist/tex/latex/base/inputenc.sty
Package: inputenc 2008/03/30 v1.1d Input encoding file
\inpenc@prehook=\toks14
\inpenc@posthook=\toks15

(/usr/local/texlive/2010/texmf-dist/tex/latex/ucs/utf8x.def
File: utf8x.def 2004/10/17 UCS: Input encoding UTF-8
))
(/usr/local/texlive/2010/texmf-dist/tex/latex/ucs/ucs.sty
Package: ucs 2004/10/17 UCS: Unicode input support

(/usr/local/texlive/2010/texmf-dist/tex/latex/ucs/data/uni-global.def
File: uni-global.def 2004/10/17 UCS: Unicode global data
)
\uc@secondtry=\count87
\uc@combtoks=\toks16
\uc@combtoksb=\toks17
\uc@temptokena=\toks18
)
(/usr/local/texlive/2010/texmf-dist/tex/latex/cancel/cancel.sty
Package: cancel 2000/03/12 v2.1 Cancel math terms
)
(/usr/local/texlive/2010/texmf-dist/tex/latex/graphics/graphicx.sty
Package: graphicx 1999/02/16 v1.0f Enhanced LaTeX Graphics (DPC,SPQR)

(/usr/local/texlive/2010/texmf-dist/tex/latex/graphics/keyval.sty
Package: keyval 1999/03/16 v1.13 key=value parser (DPC)
\KV@toks@=\toks19
)
(/usr/local/texlive/2010/texmf-dist/tex/latex/graphics/graphics.sty
Package: graphics 2009/02/05 v1.0o Standard LaTeX Graphics (DPC,SPQR)

(/usr/local/texlive/2010/texmf-dist/tex/latex/graphics/trig.sty
Package: trig 1999/03/16 v1.09 sin cos tan (DPC)
)
(/usr/local/texlive/2010/texmf-dist/tex/latex/latexconfig/graphics.cfg
File: graphics.cfg 2010/04/23 v1.9 graphics configuration of TeX Live
)
Package graphics Info: Driver file: pdftex.def on input line 91.

(/usr/local/texlive/2010/texmf-dist/tex/latex/pdftex-def/pdftex.def
File: pdftex.def 2010/02/14 v0.04n Graphics/color for pdfTeX
\Gread@gobject=\count88
))
\Gin@req@height=\dimen103
\Gin@req@width=\dimen104
)
(./main.aux)
\openout1 = `main.aux'.

LaTeX Font Info:    Checking defaults for OML/cmm/m/it on input line 14.
LaTeX Font Info:    ... okay on input line 14.
LaTeX Font Info:    Checking defaults for T1/cmr/m/n on input line 14.
LaTeX Font Info:    ... okay on input line 14.
LaTeX Font Info:    Checking defaults for OT1/cmr/m/n on input line 14.
LaTeX Font Info:    ... okay on input line 14.
LaTeX Font Info:    Checking defaults for OMS/cmsy/m/n on input line 14.
LaTeX Font Info:    ... okay on input line 14.
LaTeX Font Info:    Checking defaults for OMX/cmex/m/n on input line 14.
LaTeX Font Info:    ... okay on input line 14.
LaTeX Font Info:    Checking defaults for U/cmr/m/n on input line 14.
LaTeX Font Info:    ... okay on input line 14.
 (/usr/local/texlive/2010/texmf-dist/tex/latex/ucs/ucsencs.def
File: ucsencs.def 2003/11/29 Fixes to fontencodings LGR, T3
)
(/usr/local/texlive/2010/texmf-dist/tex/context/base/supp-pdf.mkii
[Loading MPS to PDF converter (version 2006.09.02).]
\scratchcounter=\count89
\scratchdimen=\dimen105
\scratchbox=\box26
\nofMPsegments=\count90
\nofMParguments=\count91
\everyMPshowfont=\toks20
\MPscratchCnt=\count92
\MPscratchDim=\dimen106
\MPnumerator=\count93
\everyMPtoPDFconversion=\toks21
) (/usr/local/texlive/2010/texmf-dist/tex/generic/oberdiek/pdftexcmds.sty
Package: pdftexcmds 2010/04/01 v0.9 Utility functions of pdfTeX for LuaTeX (HO)


(/usr/local/texlive/2010/texmf-dist/tex/generic/oberdiek/infwarerr.sty
Package: infwarerr 2010/04/08 v1.3 Providing info/warning/message (HO)
)
(/usr/local/texlive/2010/texmf-dist/tex/generic/oberdiek/ifluatex.sty
Package: ifluatex 2010/03/01 v1.3 Provides the ifluatex switch (HO)
Package ifluatex Info: LuaTeX not detected.
)
(/usr/local/texlive/2010/texmf-dist/tex/generic/oberdiek/ltxcmds.sty
Package: ltxcmds 2010/04/26 v1.7 LaTeX kernel commands for general use (HO)
)
Package pdftexcmds Info: LuaTeX not detected.
Package pdftexcmds Info: \pdf@primitive is available.
Package pdftexcmds Info: \pdf@ifprimitive is available.
)
(/usr/local/texlive/2010/texmf-dist/tex/latex/oberdiek/epstopdf-base.sty
Package: epstopdf-base 2010/02/09 v2.5 Base part for package epstopdf

(/usr/local/texlive/2010/texmf-dist/tex/latex/oberdiek/grfext.sty
Package: grfext 2007/09/30 v1.0 Managing graphics extensions (HO)
)
(/usr/local/texlive/2010/texmf-dist/tex/latex/oberdiek/kvoptions.sty
Package: kvoptions 2010/02/22 v3.7 Keyval support for LaTeX options (HO)

(/usr/local/texlive/2010/texmf-dist/tex/generic/oberdiek/kvsetkeys.sty
Package: kvsetkeys 2010/03/01 v1.9 Key value parser (HO)

(/usr/local/texlive/2010/texmf-dist/tex/generic/oberdiek/etexcmds.sty
Package: etexcmds 2010/01/28 v1.3 Prefix for e-TeX command names (HO)
Package etexcmds Info: Could not find \expanded.
(etexcmds)             That can mean that you are not using pdfTeX 1.50 or
(etexcmds)             that some package has redefined \expanded.
(etexcmds)             In the latter case, load this package earlier.
)))
Package grfext Info: Graphics extension search list:
(grfext)             [.png,.pdf,.jpg,.mps,.jpeg,.jbig2,.jb2,.PNG,.PDF,.JPG,.JPE
G,.JBIG2,.JB2,.eps]
(grfext)             \AppendGraphicsExtensions on input line 436.

(/usr/local/texlive/2010/texmf-dist/tex/latex/latexconfig/epstopdf-sys.cfg
File: epstopdf-sys.cfg 2010/07/13 v1.3 Configuration of (r)epstopdf for TeX Liv
e
))
LaTeX Font Info:    External font `cmex10' loaded for size
(Font)              <12> on input line 15.
LaTeX Font Info:    External font `cmex10' loaded for size
(Font)              <8> on input line 15.
LaTeX Font Info:    External font `cmex10' loaded for size
(Font)              <6> on input line 15.

(/usr/local/texlive/2010/texmf-dist/tex/latex/ucs/data/uni-0.def
File: uni-0.def 2004/10/17 UCS: Unicode data U+0000..U+00FF
)
LaTeX Font Info:    External font `cmex10' loaded for size
(Font)              <7> on input line 19.
LaTeX Font Info:    External font `cmex10' loaded for size
(Font)              <5> on input line 19.
 [1

{/usr/local/texlive/2010/texmf-var/fonts/map/pdftex/updmap/pdftex.map}]
Overfull \hbox (4.02843pt too wide) in paragraph at lines 76--77
\OT1/cmr/m/n/10 Lineariserer den vari-asjonelle for-mu-lerin-gen for ^^Wa kunne
 an-vende Picard-iterasjon. 
 []

<figures/convergence_manufactured_1d.pdf, id=17, 587.19376pt x 442.65375pt>
File: figures/convergence_manufactured_1d.pdf Graphic file (type pdf)

<use figures/convergence_manufactured_1d.pdf>
LaTeX Font Info:    Try loading font information for OMS+cmr on input line 117.


(/usr/local/texlive/2010/texmf-dist/tex/latex/base/omscmr.fd
File: omscmr.fd 1999/05/25 v2.5h Standard LaTeX font definitions
)
LaTeX Font Info:    Font shape `OMS/cmr/m/n' in size <10> not available
(Font)              Font shape `OMS/cmsy/m/n' tried instead on input line 117.
 [2] [3 <./figures/convergence_manufactured_1d.pdf>] (./main.aux) ) 
Here is how much of TeX's memory you used:
 2115 strings out of 493747
 29674 string characters out of 3143546
 89068 words of memory out of 3000000
 5392 multiletter control sequences out of 15000+200000
 8860 words of font info for 31 fonts, out of 3000000 for 9000
 714 hyphenation exceptions out of 8191
 37i,12n,23p,323b,478s stack positions out of 5000i,500n,10000p,200000b,50000s
</usr/local/
texlive/2010/texmf-dist/fonts/type1/public/amsfonts/cm/cmbx10.pfb></usr/local/t
exlive/2010/texmf-dist/fonts/type1/public/amsfonts/cm/cmbx12.pfb></usr/local/te
xlive/2010/texmf-dist/fonts/type1/public/amsfonts/cm/cmex10.pfb></usr/local/tex
live/2010/texmf-dist/fonts/type1/public/amsfonts/cm/cmmi10.pfb></usr/local/texl
ive/2010/texmf-dist/fonts/type1/public/amsfonts/cm/cmmi5.pfb></usr/local/texliv
e/2010/texmf-dist/fonts/type1/public/amsfonts/cm/cmmi7.pfb></usr/local/texlive/
2010/texmf-dist/fonts/type1/public/amsfonts/cm/cmr10.pfb></usr/local/texlive/20
10/texmf-dist/fonts/type1/public/amsfonts/cm/cmr12.pfb></usr/local/texlive/2010
/texmf-dist/fonts/type1/public/amsfonts/cm/cmr17.pfb></usr/local/texlive/2010/t
exmf-dist/fonts/type1/public/amsfonts/cm/cmr7.pfb></usr/local/texlive/2010/texm
f-dist/fonts/type1/public/amsfonts/cm/cmsy10.pfb></usr/local/texlive/2010/texmf
-dist/fonts/type1/public/amsfonts/cm/cmsy7.pfb></usr/local/texlive/2010/texmf-d
ist/fonts/type1/public/amsfonts/cm/cmti10.pfb></usr/local/texlive/2010/texmf-di
st/fonts/type1/public/amsfonts/latxfont/line10.pfb>
Output written on main.pdf (3 pages, 154763 bytes).
PDF statistics:
 114 PDF objects out of 1000 (max. 8388607)
 63 compressed objects within 1 object stream
 0 named destinations out of 1000 (max. 500000)
 6 words of extra memory for PDF output out of 10000 (max. 10000000)

